Performing Curl Test HAVE_FSETXATTR_6 failed with the following output:
Change Dir: '/mnt/d/repos/whisper.cpp/CMakeFiles/CMakeTmp'

Run Build Command(s): /home/anon/.tea/cmake.org/v3.27.3/bin/cmake -E env VERBOSE=1 /usr/bin/gmake -f Makefile cmTC_7e1fa/fast
/usr/bin/gmake  -f CMakeFiles/cmTC_7e1fa.dir/build.make CMakeFiles/cmTC_7e1fa.dir/build
gmake[1]: Entering directory '/mnt/d/repos/whisper.cpp/CMakeFiles/CMakeTmp'
Building C object CMakeFiles/cmTC_7e1fa.dir/CurlTests.c.o
/usr/bin/cc   -Wall                                       -Wextra                                     -Wpedantic                                  -Wshadow                                    -Wcast-qual                                 -Wstrict-prototypes                         -Wpointer-arith                             -Wno-unused-function                     -Werror=vla -pedantic -Wall -W -Wpointer-arith -Wwrite-strings -Wunused -Wshadow -Winline -Wnested-externs -Wmissing-declarations -Wmissing-prototypes -Wfloat-equal -Wsign-compare -Wundef -Wendif-labels -Wstrict-prototypes -Wdeclaration-after-statement -Wstrict-aliasing=3 -Wcast-align -Wtype-limits -Wold-style-declaration -Wmissing-parameter-type -Wempty-body -Wclobbered -Wignored-qualifiers -Wconversion -Wvla -Wdouble-promotion -Wno-long-long -Wno-multichar -Wno-format-nonliteral -Wno-sign-conversion -Wno-system-headers -DHAVE_FSETXATTR_6  -DHAVE_STDIO_H -DHAVE_INTTYPES_H -DHAVE_SYS_IOCTL_H -DHAVE_SYS_PARAM_H -DHAVE_SYS_POLL_H -DHAVE_SYS_RESOURCE_H -DHAVE_SYS_SELECT_H -DHAVE_SYS_SOCKET_H -DHAVE_SYS_STAT_H -DHAVE_SYS_TIME_H -DHAVE_SYS_TYPES_H -DHAVE_SYS_UIO_H -DHAVE_SYS_UN_H -DHAVE_SYS_XATTR_H -DHAVE_ALLOCA_H -DHAVE_ARPA_INET_H -DHAVE_ARPA_TFTP_H -DHAVE_ASSERT_H -DHAVE_ERRNO_H -DHAVE_FCNTL_H -DHAVE_IFADDRS_H -DHAVE_LIBGEN_H -DHAVE_LOCALE_H -DHAVE_NET_IF_H -DHAVE_NETDB_H -DHAVE_NETINET_IN_H -DHAVE_NETINET_TCP_H -DHAVE_POLL_H -DHAVE_PWD_H -DHAVE_SETJMP_H -DHAVE_SIGNAL_H -DHAVE_STDBOOL_H -DHAVE_STDINT_H -DHAVE_STDIO_H -DHAVE_STDLIB_H -DHAVE_STRING_H -DHAVE_STRINGS_H -DHAVE_TERMIO_H -DHAVE_TERMIOS_H -DHAVE_TIME_H -DHAVE_UNISTD_H -DHAVE_UTIME_H -DHAVE_STDDEF_H -DHAVE_DLFCN_H -DHAVE_MALLOC_H -DHAVE_MEMORY_H -DHAVE_NETINET_IF_ETHER_H -DHAVE_STDINT_H -DHAVE_SYS_UTSNAME_H -o CMakeFiles/cmTC_7e1fa.dir/CurlTests.c.o -c /mnt/d/repos/whisper.cpp/_deps/curl-src/CMake/CurlTests.c
/mnt/d/repos/whisper.cpp/_deps/curl-src/CMake/CurlTests.c:442:1: warning: function declaration isn’t a prototype [-Wstrict-prototypes]
  442 | main() {
      | ^~~~
/mnt/d/repos/whisper.cpp/_deps/curl-src/CMake/CurlTests.c: In function ‘main’:
/mnt/d/repos/whisper.cpp/_deps/curl-src/CMake/CurlTests.c:443:3: error: too many arguments to function ‘fsetxattr’
  443 |   fsetxattr(0, 0, 0, 0, 0, 0);
      |   ^~~~~~~~~
In file included from /mnt/d/repos/whisper.cpp/_deps/curl-src/CMake/CurlTests.c:440:
/usr/include/x86_64-linux-gnu/sys/xattr.h:54:12: note: declared here
   54 | extern int fsetxattr (int __fd, const char *__name, const void *__value,
      |            ^~~~~~~~~
gmake[1]: *** [CMakeFiles/cmTC_7e1fa.dir/build.make:78: CMakeFiles/cmTC_7e1fa.dir/CurlTests.c.o] Error 1
gmake[1]: Leaving directory '/mnt/d/repos/whisper.cpp/CMakeFiles/CMakeTmp'
gmake: *** [Makefile:127: cmTC_7e1fa/fast] Error 2


Performing Curl Test HAVE_IOCTLSOCKET failed with the following output:
Change Dir: '/mnt/d/repos/whisper.cpp/CMakeFiles/CMakeTmp'

Run Build Command(s): /home/anon/.tea/cmake.org/v3.27.3/bin/cmake -E env VERBOSE=1 /usr/bin/gmake -f Makefile cmTC_bd73f/fast
/usr/bin/gmake  -f CMakeFiles/cmTC_bd73f.dir/build.make CMakeFiles/cmTC_bd73f.dir/build
gmake[1]: Entering directory '/mnt/d/repos/whisper.cpp/CMakeFiles/CMakeTmp'
Building C object CMakeFiles/cmTC_bd73f.dir/CurlTests.c.o
/usr/bin/cc   -Wall                                       -Wextra                                     -Wpedantic                                  -Wshadow                                    -Wcast-qual                                 -Wstrict-prototypes                         -Wpointer-arith                             -Wno-unused-function                     -Werror=vla -pedantic -Wall -W -Wpointer-arith -Wwrite-strings -Wunused -Wshadow -Winline -Wnested-externs -Wmissing-declarations -Wmissing-prototypes -Wfloat-equal -Wsign-compare -Wundef -Wendif-labels -Wstrict-prototypes -Wdeclaration-after-statement -Wstrict-aliasing=3 -Wcast-align -Wtype-limits -Wold-style-declaration -Wmissing-parameter-type -Wempty-body -Wclobbered -Wignored-qualifiers -Wconversion -Wvla -Wdouble-promotion -Wno-long-long -Wno-multichar -Wno-format-nonliteral -Wno-sign-conversion -Wno-system-headers -DHAVE_IOCTLSOCKET  -DHAVE_STDIO_H -DHAVE_INTTYPES_H -DHAVE_SYS_IOCTL_H -DHAVE_SYS_PARAM_H -DHAVE_SYS_POLL_H -DHAVE_SYS_RESOURCE_H -DHAVE_SYS_SELECT_H -DHAVE_SYS_SOCKET_H -DHAVE_SYS_STAT_H -DHAVE_SYS_TIME_H -DHAVE_SYS_TYPES_H -DHAVE_SYS_UIO_H -DHAVE_SYS_UN_H -DHAVE_SYS_XATTR_H -DHAVE_ALLOCA_H -DHAVE_ARPA_INET_H -DHAVE_ARPA_TFTP_H -DHAVE_ASSERT_H -DHAVE_ERRNO_H -DHAVE_FCNTL_H -DHAVE_IFADDRS_H -DHAVE_LIBGEN_H -DHAVE_LOCALE_H -DHAVE_NET_IF_H -DHAVE_NETDB_H -DHAVE_NETINET_IN_H -DHAVE_NETINET_TCP_H -DHAVE_POLL_H -DHAVE_PWD_H -DHAVE_SETJMP_H -DHAVE_SIGNAL_H -DHAVE_STDBOOL_H -DHAVE_STDINT_H -DHAVE_STDIO_H -DHAVE_STDLIB_H -DHAVE_STRING_H -DHAVE_STRINGS_H -DHAVE_TERMIO_H -DHAVE_TERMIOS_H -DHAVE_TIME_H -DHAVE_UNISTD_H -DHAVE_UTIME_H -DHAVE_STDDEF_H -DHAVE_DLFCN_H -DHAVE_MALLOC_H -DHAVE_MEMORY_H -DHAVE_NETINET_IF_ETHER_H -DHAVE_STDINT_H -DHAVE_SYS_UTSNAME_H -o CMakeFiles/cmTC_bd73f.dir/CurlTests.c.o -c /mnt/d/repos/whisper.cpp/_deps/curl-src/CMake/CurlTests.c
/mnt/d/repos/whisper.cpp/_deps/curl-src/CMake/CurlTests.c:236:1: warning: function declaration isn’t a prototype [-Wstrict-prototypes]
  236 | main ()
      | ^~~~
/mnt/d/repos/whisper.cpp/_deps/curl-src/CMake/CurlTests.c: In function ‘main’:
/mnt/d/repos/whisper.cpp/_deps/curl-src/CMake/CurlTests.c:241:24: warning: implicit declaration of function ‘ioctlsocket’ [-Wimplicit-function-declaration]
  241 |  unsigned long flags = ioctlsocket(socket, FIONBIO, &flags);
      |                        ^~~~~~~~~~~
/mnt/d/repos/whisper.cpp/_deps/curl-src/CMake/CurlTests.c:241:24: warning: nested extern declaration of ‘ioctlsocket’ [-Wnested-externs]
/mnt/d/repos/whisper.cpp/_deps/curl-src/CMake/CurlTests.c:241:44: error: ‘FIONBIO’ undeclared (first use in this function)
  241 |  unsigned long flags = ioctlsocket(socket, FIONBIO, &flags);
      |                                            ^~~~~~~
/mnt/d/repos/whisper.cpp/_deps/curl-src/CMake/CurlTests.c:241:44: note: each undeclared identifier is reported only once for each function it appears in
gmake[1]: *** [CMakeFiles/cmTC_bd73f.dir/build.make:78: CMakeFiles/cmTC_bd73f.dir/CurlTests.c.o] Error 1
gmake[1]: Leaving directory '/mnt/d/repos/whisper.cpp/CMakeFiles/CMakeTmp'
gmake: *** [Makefile:127: cmTC_bd73f/fast] Error 2


Performing Curl Test HAVE_IOCTLSOCKET_CAMEL failed with the following output:
Change Dir: '/mnt/d/repos/whisper.cpp/CMakeFiles/CMakeTmp'

Run Build Command(s): /home/anon/.tea/cmake.org/v3.27.3/bin/cmake -E env VERBOSE=1 /usr/bin/gmake -f Makefile cmTC_728e2/fast
/usr/bin/gmake  -f CMakeFiles/cmTC_728e2.dir/build.make CMakeFiles/cmTC_728e2.dir/build
gmake[1]: Entering directory '/mnt/d/repos/whisper.cpp/CMakeFiles/CMakeTmp'
Building C object CMakeFiles/cmTC_728e2.dir/CurlTests.c.o
/usr/bin/cc   -Wall                                       -Wextra                                     -Wpedantic                                  -Wshadow                                    -Wcast-qual                                 -Wstrict-prototypes                         -Wpointer-arith                             -Wno-unused-function                     -Werror=vla -pedantic -Wall -W -Wpointer-arith -Wwrite-strings -Wunused -Wshadow -Winline -Wnested-externs -Wmissing-declarations -Wmissing-prototypes -Wfloat-equal -Wsign-compare -Wundef -Wendif-labels -Wstrict-prototypes -Wdeclaration-after-statement -Wstrict-aliasing=3 -Wcast-align -Wtype-limits -Wold-style-declaration -Wmissing-parameter-type -Wempty-body -Wclobbered -Wignored-qualifiers -Wconversion -Wvla -Wdouble-promotion -Wno-long-long -Wno-multichar -Wno-format-nonliteral -Wno-sign-conversion -Wno-system-headers -DHAVE_IOCTLSOCKET_CAMEL  -DHAVE_STDIO_H -DHAVE_INTTYPES_H -DHAVE_SYS_IOCTL_H -DHAVE_SYS_PARAM_H -DHAVE_SYS_POLL_H -DHAVE_SYS_RESOURCE_H -DHAVE_SYS_SELECT_H -DHAVE_SYS_SOCKET_H -DHAVE_SYS_STAT_H -DHAVE_SYS_TIME_H -DHAVE_SYS_TYPES_H -DHAVE_SYS_UIO_H -DHAVE_SYS_UN_H -DHAVE_SYS_XATTR_H -DHAVE_ALLOCA_H -DHAVE_ARPA_INET_H -DHAVE_ARPA_TFTP_H -DHAVE_ASSERT_H -DHAVE_ERRNO_H -DHAVE_FCNTL_H -DHAVE_IFADDRS_H -DHAVE_LIBGEN_H -DHAVE_LOCALE_H -DHAVE_NET_IF_H -DHAVE_NETDB_H -DHAVE_NETINET_IN_H -DHAVE_NETINET_TCP_H -DHAVE_POLL_H -DHAVE_PWD_H -DHAVE_SETJMP_H -DHAVE_SIGNAL_H -DHAVE_STDBOOL_H -DHAVE_STDINT_H -DHAVE_STDIO_H -DHAVE_STDLIB_H -DHAVE_STRING_H -DHAVE_STRINGS_H -DHAVE_TERMIO_H -DHAVE_TERMIOS_H -DHAVE_TIME_H -DHAVE_UNISTD_H -DHAVE_UTIME_H -DHAVE_STDDEF_H -DHAVE_DLFCN_H -DHAVE_MALLOC_H -DHAVE_MEMORY_H -DHAVE_NETINET_IF_ETHER_H -DHAVE_STDINT_H -DHAVE_SYS_UTSNAME_H -o CMakeFiles/cmTC_728e2.dir/CurlTests.c.o -c /mnt/d/repos/whisper.cpp/_deps/curl-src/CMake/CurlTests.c
/mnt/d/repos/whisper.cpp/_deps/curl-src/CMake/CurlTests.c:261:1: warning: function declaration isn’t a prototype [-Wstrict-prototypes]
  261 | main ()
      | ^~~~
/mnt/d/repos/whisper.cpp/_deps/curl-src/CMake/CurlTests.c: In function ‘main’:
/mnt/d/repos/whisper.cpp/_deps/curl-src/CMake/CurlTests.c:265:13: warning: implicit declaration of function ‘IoctlSocket’ [-Wimplicit-function-declaration]
  265 |     if(0 != IoctlSocket(0, 0, 0))
      |             ^~~~~~~~~~~
/mnt/d/repos/whisper.cpp/_deps/curl-src/CMake/CurlTests.c:265:13: warning: nested extern declaration of ‘IoctlSocket’ [-Wnested-externs]
Linking C executable cmTC_728e2
/home/anon/.tea/cmake.org/v3.27.3/bin/cmake -E cmake_link_script CMakeFiles/cmTC_728e2.dir/link.txt --verbose=1
/usr/bin/cc              -Wall                                       -Wextra                                     -Wpedantic                                  -Wshadow                                    -Wcast-qual                                 -Wstrict-prototypes                         -Wpointer-arith                             -Wno-unused-function                     -Werror=vla -pedantic -Wall -W -Wpointer-arith -Wwrite-strings -Wunused -Wshadow -Winline -Wnested-externs -Wmissing-declarations -Wmissing-prototypes -Wfloat-equal -Wsign-compare -Wundef -Wendif-labels -Wstrict-prototypes -Wdeclaration-after-statement -Wstrict-aliasing=3 -Wcast-align -Wtype-limits -Wold-style-declaration -Wmissing-parameter-type -Wempty-body -Wclobbered -Wignored-qualifiers -Wconversion -Wvla -Wdouble-promotion -Wno-long-long -Wno-multichar -Wno-format-nonliteral -Wno-sign-conversion -Wno-system-headers -DHAVE_IOCTLSOCKET_CAMEL  -DHAVE_STDIO_H -DHAVE_INTTYPES_H -DHAVE_SYS_IOCTL_H -DHAVE_SYS_PARAM_H -DHAVE_SYS_POLL_H -DHAVE_SYS_RESOURCE_H -DHAVE_SYS_SELECT_H -DHAVE_SYS_SOCKET_H -DHAVE_SYS_STAT_H -DHAVE_SYS_TIME_H -DHAVE_SYS_TYPES_H -DHAVE_SYS_UIO_H -DHAVE_SYS_UN_H -DHAVE_SYS_XATTR_H -DHAVE_ALLOCA_H -DHAVE_ARPA_INET_H -DHAVE_ARPA_TFTP_H -DHAVE_ASSERT_H -DHAVE_ERRNO_H -DHAVE_FCNTL_H -DHAVE_IFADDRS_H -DHAVE_LIBGEN_H -DHAVE_LOCALE_H -DHAVE_NET_IF_H -DHAVE_NETDB_H -DHAVE_NETINET_IN_H -DHAVE_NETINET_TCP_H -DHAVE_POLL_H -DHAVE_PWD_H -DHAVE_SETJMP_H -DHAVE_SIGNAL_H -DHAVE_STDBOOL_H -DHAVE_STDINT_H -DHAVE_STDIO_H -DHAVE_STDLIB_H -DHAVE_STRING_H -DHAVE_STRINGS_H -DHAVE_TERMIO_H -DHAVE_TERMIOS_H -DHAVE_TIME_H -DHAVE_UNISTD_H -DHAVE_UTIME_H -DHAVE_STDDEF_H -DHAVE_DLFCN_H -DHAVE_MALLOC_H -DHAVE_MEMORY_H -DHAVE_NETINET_IF_ETHER_H -DHAVE_STDINT_H -DHAVE_SYS_UTSNAME_H CMakeFiles/cmTC_728e2.dir/CurlTests.c.o -o cmTC_728e2 
/usr/bin/ld: CMakeFiles/cmTC_728e2.dir/CurlTests.c.o: in function `main':
CurlTests.c:(.text+0x1d): undefined reference to `IoctlSocket'
collect2: error: ld returned 1 exit status
gmake[1]: *** [CMakeFiles/cmTC_728e2.dir/build.make:99: cmTC_728e2] Error 1
gmake[1]: Leaving directory '/mnt/d/repos/whisper.cpp/CMakeFiles/CMakeTmp'
gmake: *** [Makefile:127: cmTC_728e2/fast] Error 2


Performing Curl Test HAVE_IOCTLSOCKET_CAMEL_FIONBIO failed with the following output:
Change Dir: '/mnt/d/repos/whisper.cpp/CMakeFiles/CMakeTmp'

Run Build Command(s): /home/anon/.tea/cmake.org/v3.27.3/bin/cmake -E env VERBOSE=1 /usr/bin/gmake -f Makefile cmTC_70585/fast
/usr/bin/gmake  -f CMakeFiles/cmTC_70585.dir/build.make CMakeFiles/cmTC_70585.dir/build
gmake[1]: Entering directory '/mnt/d/repos/whisper.cpp/CMakeFiles/CMakeTmp'
Building C object CMakeFiles/cmTC_70585.dir/CurlTests.c.o
/usr/bin/cc   -Wall                                       -Wextra                                     -Wpedantic                                  -Wshadow                                    -Wcast-qual                                 -Wstrict-prototypes                         -Wpointer-arith                             -Wno-unused-function                     -Werror=vla -pedantic -Wall -W -Wpointer-arith -Wwrite-strings -Wunused -Wshadow -Winline -Wnested-externs -Wmissing-declarations -Wmissing-prototypes -Wfloat-equal -Wsign-compare -Wundef -Wendif-labels -Wstrict-prototypes -Wdeclaration-after-statement -Wstrict-aliasing=3 -Wcast-align -Wtype-limits -Wold-style-declaration -Wmissing-parameter-type -Wempty-body -Wclobbered -Wignored-qualifiers -Wconversion -Wvla -Wdouble-promotion -Wno-long-long -Wno-multichar -Wno-format-nonliteral -Wno-sign-conversion -Wno-system-headers -DHAVE_IOCTLSOCKET_CAMEL_FIONBIO  -DHAVE_STDIO_H -DHAVE_INTTYPES_H -DHAVE_SYS_IOCTL_H -DHAVE_SYS_PARAM_H -DHAVE_SYS_POLL_H -DHAVE_SYS_RESOURCE_H -DHAVE_SYS_SELECT_H -DHAVE_SYS_SOCKET_H -DHAVE_SYS_STAT_H -DHAVE_SYS_TIME_H -DHAVE_SYS_TYPES_H -DHAVE_SYS_UIO_H -DHAVE_SYS_UN_H -DHAVE_SYS_XATTR_H -DHAVE_ALLOCA_H -DHAVE_ARPA_INET_H -DHAVE_ARPA_TFTP_H -DHAVE_ASSERT_H -DHAVE_ERRNO_H -DHAVE_FCNTL_H -DHAVE_IFADDRS_H -DHAVE_LIBGEN_H -DHAVE_LOCALE_H -DHAVE_NET_IF_H -DHAVE_NETDB_H -DHAVE_NETINET_IN_H -DHAVE_NETINET_TCP_H -DHAVE_POLL_H -DHAVE_PWD_H -DHAVE_SETJMP_H -DHAVE_SIGNAL_H -DHAVE_STDBOOL_H -DHAVE_STDINT_H -DHAVE_STDIO_H -DHAVE_STDLIB_H -DHAVE_STRING_H -DHAVE_STRINGS_H -DHAVE_TERMIO_H -DHAVE_TERMIOS_H -DHAVE_TIME_H -DHAVE_UNISTD_H -DHAVE_UTIME_H -DHAVE_STDDEF_H -DHAVE_DLFCN_H -DHAVE_MALLOC_H -DHAVE_MEMORY_H -DHAVE_NETINET_IF_ETHER_H -DHAVE_STDINT_H -DHAVE_SYS_UTSNAME_H -o CMakeFiles/cmTC_70585.dir/CurlTests.c.o -c /mnt/d/repos/whisper.cpp/_deps/curl-src/CMake/CurlTests.c
/mnt/d/repos/whisper.cpp/_deps/curl-src/CMake/CurlTests.c:284:1: warning: function declaration isn’t a prototype [-Wstrict-prototypes]
  284 | main ()
      | ^~~~
/mnt/d/repos/whisper.cpp/_deps/curl-src/CMake/CurlTests.c: In function ‘main’:
/mnt/d/repos/whisper.cpp/_deps/curl-src/CMake/CurlTests.c:289:17: warning: implicit declaration of function ‘IoctlSocket’ [-Wimplicit-function-declaration]
  289 |         if(0 != IoctlSocket(0, FIONBIO, &flags))
      |                 ^~~~~~~~~~~
/mnt/d/repos/whisper.cpp/_deps/curl-src/CMake/CurlTests.c:289:17: warning: nested extern declaration of ‘IoctlSocket’ [-Wnested-externs]
/mnt/d/repos/whisper.cpp/_deps/curl-src/CMake/CurlTests.c:289:32: error: ‘FIONBIO’ undeclared (first use in this function)
  289 |         if(0 != IoctlSocket(0, FIONBIO, &flags))
      |                                ^~~~~~~
/mnt/d/repos/whisper.cpp/_deps/curl-src/CMake/CurlTests.c:289:32: note: each undeclared identifier is reported only once for each function it appears in
gmake[1]: *** [CMakeFiles/cmTC_70585.dir/build.make:78: CMakeFiles/cmTC_70585.dir/CurlTests.c.o] Error 1
gmake[1]: Leaving directory '/mnt/d/repos/whisper.cpp/CMakeFiles/CMakeTmp'
gmake: *** [Makefile:127: cmTC_70585/fast] Error 2


Performing Curl Test HAVE_IOCTLSOCKET_FIONBIO failed with the following output:
Change Dir: '/mnt/d/repos/whisper.cpp/CMakeFiles/CMakeTmp'

Run Build Command(s): /home/anon/.tea/cmake.org/v3.27.3/bin/cmake -E env VERBOSE=1 /usr/bin/gmake -f Makefile cmTC_1c814/fast
/usr/bin/gmake  -f CMakeFiles/cmTC_1c814.dir/build.make CMakeFiles/cmTC_1c814.dir/build
gmake[1]: Entering directory '/mnt/d/repos/whisper.cpp/CMakeFiles/CMakeTmp'
Building C object CMakeFiles/cmTC_1c814.dir/CurlTests.c.o
/usr/bin/cc   -Wall                                       -Wextra                                     -Wpedantic                                  -Wshadow                                    -Wcast-qual                                 -Wstrict-prototypes                         -Wpointer-arith                             -Wno-unused-function                     -Werror=vla -pedantic -Wall -W -Wpointer-arith -Wwrite-strings -Wunused -Wshadow -Winline -Wnested-externs -Wmissing-declarations -Wmissing-prototypes -Wfloat-equal -Wsign-compare -Wundef -Wendif-labels -Wstrict-prototypes -Wdeclaration-after-statement -Wstrict-aliasing=3 -Wcast-align -Wtype-limits -Wold-style-declaration -Wmissing-parameter-type -Wempty-body -Wclobbered -Wignored-qualifiers -Wconversion -Wvla -Wdouble-promotion -Wno-long-long -Wno-multichar -Wno-format-nonliteral -Wno-sign-conversion -Wno-system-headers -DHAVE_IOCTLSOCKET_FIONBIO  -DHAVE_STDIO_H -DHAVE_INTTYPES_H -DHAVE_SYS_IOCTL_H -DHAVE_SYS_PARAM_H -DHAVE_SYS_POLL_H -DHAVE_SYS_RESOURCE_H -DHAVE_SYS_SELECT_H -DHAVE_SYS_SOCKET_H -DHAVE_SYS_STAT_H -DHAVE_SYS_TIME_H -DHAVE_SYS_TYPES_H -DHAVE_SYS_UIO_H -DHAVE_SYS_UN_H -DHAVE_SYS_XATTR_H -DHAVE_ALLOCA_H -DHAVE_ARPA_INET_H -DHAVE_ARPA_TFTP_H -DHAVE_ASSERT_H -DHAVE_ERRNO_H -DHAVE_FCNTL_H -DHAVE_IFADDRS_H -DHAVE_LIBGEN_H -DHAVE_LOCALE_H -DHAVE_NET_IF_H -DHAVE_NETDB_H -DHAVE_NETINET_IN_H -DHAVE_NETINET_TCP_H -DHAVE_POLL_H -DHAVE_PWD_H -DHAVE_SETJMP_H -DHAVE_SIGNAL_H -DHAVE_STDBOOL_H -DHAVE_STDINT_H -DHAVE_STDIO_H -DHAVE_STDLIB_H -DHAVE_STRING_H -DHAVE_STRINGS_H -DHAVE_TERMIO_H -DHAVE_TERMIOS_H -DHAVE_TIME_H -DHAVE_UNISTD_H -DHAVE_UTIME_H -DHAVE_STDDEF_H -DHAVE_DLFCN_H -DHAVE_MALLOC_H -DHAVE_MEMORY_H -DHAVE_NETINET_IF_ETHER_H -DHAVE_STDINT_H -DHAVE_SYS_UTSNAME_H -o CMakeFiles/cmTC_1c814.dir/CurlTests.c.o -c /mnt/d/repos/whisper.cpp/_deps/curl-src/CMake/CurlTests.c
/mnt/d/repos/whisper.cpp/_deps/curl-src/CMake/CurlTests.c:308:1: warning: function declaration isn’t a prototype [-Wstrict-prototypes]
  308 | main ()
      | ^~~~
/mnt/d/repos/whisper.cpp/_deps/curl-src/CMake/CurlTests.c: In function ‘main’:
/mnt/d/repos/whisper.cpp/_deps/curl-src/CMake/CurlTests.c:312:17: warning: implicit declaration of function ‘ioctlsocket’ [-Wimplicit-function-declaration]
  312 |         if(0 != ioctlsocket(0, FIONBIO, &flags))
      |                 ^~~~~~~~~~~
/mnt/d/repos/whisper.cpp/_deps/curl-src/CMake/CurlTests.c:312:17: warning: nested extern declaration of ‘ioctlsocket’ [-Wnested-externs]
/mnt/d/repos/whisper.cpp/_deps/curl-src/CMake/CurlTests.c:312:32: error: ‘FIONBIO’ undeclared (first use in this function)
  312 |         if(0 != ioctlsocket(0, FIONBIO, &flags))
      |                                ^~~~~~~
/mnt/d/repos/whisper.cpp/_deps/curl-src/CMake/CurlTests.c:312:32: note: each undeclared identifier is reported only once for each function it appears in
gmake[1]: *** [CMakeFiles/cmTC_1c814.dir/build.make:78: CMakeFiles/cmTC_1c814.dir/CurlTests.c.o] Error 1
gmake[1]: Leaving directory '/mnt/d/repos/whisper.cpp/CMakeFiles/CMakeTmp'
gmake: *** [Makefile:127: cmTC_1c814/fast] Error 2


Performing Curl Test HAVE_SETSOCKOPT_SO_NONBLOCK failed with the following output:
Change Dir: '/mnt/d/repos/whisper.cpp/CMakeFiles/CMakeTmp'

Run Build Command(s): /home/anon/.tea/cmake.org/v3.27.3/bin/cmake -E env VERBOSE=1 /usr/bin/gmake -f Makefile cmTC_962c4/fast
/usr/bin/gmake  -f CMakeFiles/cmTC_962c4.dir/build.make CMakeFiles/cmTC_962c4.dir/build
gmake[1]: Entering directory '/mnt/d/repos/whisper.cpp/CMakeFiles/CMakeTmp'
Building C object CMakeFiles/cmTC_962c4.dir/CurlTests.c.o
/usr/bin/cc   -Wall                                       -Wextra                                     -Wpedantic                                  -Wshadow                                    -Wcast-qual                                 -Wstrict-prototypes                         -Wpointer-arith                             -Wno-unused-function                     -Werror=vla -pedantic -Wall -W -Wpointer-arith -Wwrite-strings -Wunused -Wshadow -Winline -Wnested-externs -Wmissing-declarations -Wmissing-prototypes -Wfloat-equal -Wsign-compare -Wundef -Wendif-labels -Wstrict-prototypes -Wdeclaration-after-statement -Wstrict-aliasing=3 -Wcast-align -Wtype-limits -Wold-style-declaration -Wmissing-parameter-type -Wempty-body -Wclobbered -Wignored-qualifiers -Wconversion -Wvla -Wdouble-promotion -Wno-long-long -Wno-multichar -Wno-format-nonliteral -Wno-sign-conversion -Wno-system-headers -DHAVE_SETSOCKOPT_SO_NONBLOCK  -DHAVE_STDIO_H -DHAVE_INTTYPES_H -DHAVE_SYS_IOCTL_H -DHAVE_SYS_PARAM_H -DHAVE_SYS_POLL_H -DHAVE_SYS_RESOURCE_H -DHAVE_SYS_SELECT_H -DHAVE_SYS_SOCKET_H -DHAVE_SYS_STAT_H -DHAVE_SYS_TIME_H -DHAVE_SYS_TYPES_H -DHAVE_SYS_UIO_H -DHAVE_SYS_UN_H -DHAVE_SYS_XATTR_H -DHAVE_ALLOCA_H -DHAVE_ARPA_INET_H -DHAVE_ARPA_TFTP_H -DHAVE_ASSERT_H -DHAVE_ERRNO_H -DHAVE_FCNTL_H -DHAVE_IFADDRS_H -DHAVE_LIBGEN_H -DHAVE_LOCALE_H -DHAVE_NET_IF_H -DHAVE_NETDB_H -DHAVE_NETINET_IN_H -DHAVE_NETINET_TCP_H -DHAVE_POLL_H -DHAVE_PWD_H -DHAVE_SETJMP_H -DHAVE_SIGNAL_H -DHAVE_STDBOOL_H -DHAVE_STDINT_H -DHAVE_STDIO_H -DHAVE_STDLIB_H -DHAVE_STRING_H -DHAVE_STRINGS_H -DHAVE_TERMIO_H -DHAVE_TERMIOS_H -DHAVE_TIME_H -DHAVE_UNISTD_H -DHAVE_UTIME_H -DHAVE_STDDEF_H -DHAVE_DLFCN_H -DHAVE_MALLOC_H -DHAVE_MEMORY_H -DHAVE_NETINET_IF_ETHER_H -DHAVE_STDINT_H -DHAVE_SYS_UTSNAME_H -o CMakeFiles/cmTC_962c4.dir/CurlTests.c.o -c /mnt/d/repos/whisper.cpp/_deps/curl-src/CMake/CurlTests.c
/mnt/d/repos/whisper.cpp/_deps/curl-src/CMake/CurlTests.c:402:1: warning: function declaration isn’t a prototype [-Wstrict-prototypes]
  402 | main ()
      | ^~~~
/mnt/d/repos/whisper.cpp/_deps/curl-src/CMake/CurlTests.c: In function ‘main’:
/mnt/d/repos/whisper.cpp/_deps/curl-src/CMake/CurlTests.c:404:43: error: ‘SO_NONBLOCK’ undeclared (first use in this function); did you mean ‘SOCK_NONBLOCK’?
  404 |         if(0 != setsockopt(0, SOL_SOCKET, SO_NONBLOCK, 0, 0))
      |                                           ^~~~~~~~~~~
      |                                           SOCK_NONBLOCK
/mnt/d/repos/whisper.cpp/_deps/curl-src/CMake/CurlTests.c:404:43: note: each undeclared identifier is reported only once for each function it appears in
gmake[1]: *** [CMakeFiles/cmTC_962c4.dir/build.make:78: CMakeFiles/cmTC_962c4.dir/CurlTests.c.o] Error 1
gmake[1]: Leaving directory '/mnt/d/repos/whisper.cpp/CMakeFiles/CMakeTmp'
gmake: *** [Makefile:127: cmTC_962c4/fast] Error 2


Performing Curl Test HAVE_O_NONBLOCK failed with the following output:
Change Dir: '/mnt/d/repos/whisper.cpp/CMakeFiles/CMakeTmp'

Run Build Command(s): /home/anon/.tea/cmake.org/v3.27.3/bin/cmake -E env VERBOSE=1 /usr/bin/gmake -f Makefile cmTC_9dfdf/fast
/usr/bin/gmake  -f CMakeFiles/cmTC_9dfdf.dir/build.make CMakeFiles/cmTC_9dfdf.dir/build
gmake[1]: Entering directory '/mnt/d/repos/whisper.cpp/CMakeFiles/CMakeTmp'
Building C object CMakeFiles/cmTC_9dfdf.dir/CurlTests.c.o
/usr/bin/cc   -Wall                                       -Wextra                                     -Wpedantic                                  -Wshadow                                    -Wcast-qual                                 -Wstrict-prototypes                         -Wpointer-arith                             -Wno-unused-function                     -Werror=vla -pedantic -Wall -W -Wpointer-arith -Wwrite-strings -Wunused -Wshadow -Winline -Wnested-externs -Wmissing-declarations -Wmissing-prototypes -Wfloat-equal -Wsign-compare -Wundef -Wendif-labels -Wstrict-prototypes -Wdeclaration-after-statement -Wstrict-aliasing=3 -Wcast-align -Wtype-limits -Wold-style-declaration -Wmissing-parameter-type -Wempty-body -Wclobbered -Wignored-qualifiers -Wconversion -Wvla -Wdouble-promotion -Wno-long-long -Wno-multichar -Wno-format-nonliteral -Wno-sign-conversion -Wno-system-headers -DHAVE_O_NONBLOCK  -DHAVE_STDIO_H -DHAVE_INTTYPES_H -DHAVE_SYS_IOCTL_H -DHAVE_SYS_PARAM_H -DHAVE_SYS_POLL_H -DHAVE_SYS_RESOURCE_H -DHAVE_SYS_SELECT_H -DHAVE_SYS_SOCKET_H -DHAVE_SYS_STAT_H -DHAVE_SYS_TIME_H -DHAVE_SYS_TYPES_H -DHAVE_SYS_UIO_H -DHAVE_SYS_UN_H -DHAVE_SYS_XATTR_H -DHAVE_ALLOCA_H -DHAVE_ARPA_INET_H -DHAVE_ARPA_TFTP_H -DHAVE_ASSERT_H -DHAVE_ERRNO_H -DHAVE_FCNTL_H -DHAVE_IFADDRS_H -DHAVE_LIBGEN_H -DHAVE_LOCALE_H -DHAVE_NET_IF_H -DHAVE_NETDB_H -DHAVE_NETINET_IN_H -DHAVE_NETINET_TCP_H -DHAVE_POLL_H -DHAVE_PWD_H -DHAVE_SETJMP_H -DHAVE_SIGNAL_H -DHAVE_STDBOOL_H -DHAVE_STDINT_H -DHAVE_STDIO_H -DHAVE_STDLIB_H -DHAVE_STRING_H -DHAVE_STRINGS_H -DHAVE_TERMIO_H -DHAVE_TERMIOS_H -DHAVE_TIME_H -DHAVE_UNISTD_H -DHAVE_UTIME_H -DHAVE_STDDEF_H -DHAVE_DLFCN_H -DHAVE_MALLOC_H -DHAVE_MEMORY_H -DHAVE_NETINET_IF_ETHER_H -DHAVE_STDINT_H -DHAVE_SYS_UTSNAME_H -o CMakeFiles/cmTC_9dfdf.dir/CurlTests.c.o -c /mnt/d/repos/whisper.cpp/_deps/curl-src/CMake/CurlTests.c
/mnt/d/repos/whisper.cpp/_deps/curl-src/CMake/CurlTests.c:517: warning: ISO C forbids an empty translation unit [-Wpedantic]
Linking C executable cmTC_9dfdf
/home/anon/.tea/cmake.org/v3.27.3/bin/cmake -E cmake_link_script CMakeFiles/cmTC_9dfdf.dir/link.txt --verbose=1
/usr/bin/cc              -Wall                                       -Wextra                                     -Wpedantic                                  -Wshadow                                    -Wcast-qual                                 -Wstrict-prototypes                         -Wpointer-arith                             -Wno-unused-function                     -Werror=vla -pedantic -Wall -W -Wpointer-arith -Wwrite-strings -Wunused -Wshadow -Winline -Wnested-externs -Wmissing-declarations -Wmissing-prototypes -Wfloat-equal -Wsign-compare -Wundef -Wendif-labels -Wstrict-prototypes -Wdeclaration-after-statement -Wstrict-aliasing=3 -Wcast-align -Wtype-limits -Wold-style-declaration -Wmissing-parameter-type -Wempty-body -Wclobbered -Wignored-qualifiers -Wconversion -Wvla -Wdouble-promotion -Wno-long-long -Wno-multichar -Wno-format-nonliteral -Wno-sign-conversion -Wno-system-headers -DHAVE_O_NONBLOCK  -DHAVE_STDIO_H -DHAVE_INTTYPES_H -DHAVE_SYS_IOCTL_H -DHAVE_SYS_PARAM_H -DHAVE_SYS_POLL_H -DHAVE_SYS_RESOURCE_H -DHAVE_SYS_SELECT_H -DHAVE_SYS_SOCKET_H -DHAVE_SYS_STAT_H -DHAVE_SYS_TIME_H -DHAVE_SYS_TYPES_H -DHAVE_SYS_UIO_H -DHAVE_SYS_UN_H -DHAVE_SYS_XATTR_H -DHAVE_ALLOCA_H -DHAVE_ARPA_INET_H -DHAVE_ARPA_TFTP_H -DHAVE_ASSERT_H -DHAVE_ERRNO_H -DHAVE_FCNTL_H -DHAVE_IFADDRS_H -DHAVE_LIBGEN_H -DHAVE_LOCALE_H -DHAVE_NET_IF_H -DHAVE_NETDB_H -DHAVE_NETINET_IN_H -DHAVE_NETINET_TCP_H -DHAVE_POLL_H -DHAVE_PWD_H -DHAVE_SETJMP_H -DHAVE_SIGNAL_H -DHAVE_STDBOOL_H -DHAVE_STDINT_H -DHAVE_STDIO_H -DHAVE_STDLIB_H -DHAVE_STRING_H -DHAVE_STRINGS_H -DHAVE_TERMIO_H -DHAVE_TERMIOS_H -DHAVE_TIME_H -DHAVE_UNISTD_H -DHAVE_UTIME_H -DHAVE_STDDEF_H -DHAVE_DLFCN_H -DHAVE_MALLOC_H -DHAVE_MEMORY_H -DHAVE_NETINET_IF_ETHER_H -DHAVE_STDINT_H -DHAVE_SYS_UTSNAME_H CMakeFiles/cmTC_9dfdf.dir/CurlTests.c.o -o cmTC_9dfdf 
/usr/bin/ld: /usr/lib/gcc/x86_64-linux-gnu/11/../../../x86_64-linux-gnu/Scrt1.o: in function `_start':
(.text+0x1b): undefined reference to `main'
collect2: error: ld returned 1 exit status
gmake[1]: *** [CMakeFiles/cmTC_9dfdf.dir/build.make:99: cmTC_9dfdf] Error 1
gmake[1]: Leaving directory '/mnt/d/repos/whisper.cpp/CMakeFiles/CMakeTmp'
gmake: *** [Makefile:127: cmTC_9dfdf/fast] Error 2


Performing Curl Test HAVE_GETHOSTBYNAME_R_3 failed with the following output:
Change Dir: '/mnt/d/repos/whisper.cpp/CMakeFiles/CMakeTmp'

Run Build Command(s): /home/anon/.tea/cmake.org/v3.27.3/bin/cmake -E env VERBOSE=1 /usr/bin/gmake -f Makefile cmTC_76c66/fast
/usr/bin/gmake  -f CMakeFiles/cmTC_76c66.dir/build.make CMakeFiles/cmTC_76c66.dir/build
gmake[1]: Entering directory '/mnt/d/repos/whisper.cpp/CMakeFiles/CMakeTmp'
Building C object CMakeFiles/cmTC_76c66.dir/CurlTests.c.o
/usr/bin/cc   -Wall                                       -Wextra                                     -Wpedantic                                  -Wshadow                                    -Wcast-qual                                 -Wstrict-prototypes                         -Wpointer-arith                             -Wno-unused-function                     -Werror=vla -pedantic -Wall -W -Wpointer-arith -Wwrite-strings -Wunused -Wshadow -Winline -Wnested-externs -Wmissing-declarations -Wmissing-prototypes -Wfloat-equal -Wsign-compare -Wundef -Wendif-labels -Wstrict-prototypes -Wdeclaration-after-statement -Wstrict-aliasing=3 -Wcast-align -Wtype-limits -Wold-style-declaration -Wmissing-parameter-type -Wempty-body -Wclobbered -Wignored-qualifiers -Wconversion -Wvla -Wdouble-promotion -Wno-long-long -Wno-multichar -Wno-format-nonliteral -Wno-sign-conversion -Wno-system-headers -DHAVE_GETHOSTBYNAME_R_3  -DHAVE_STDIO_H -DHAVE_INTTYPES_H -DHAVE_SYS_IOCTL_H -DHAVE_SYS_PARAM_H -DHAVE_SYS_POLL_H -DHAVE_SYS_RESOURCE_H -DHAVE_SYS_SELECT_H -DHAVE_SYS_SOCKET_H -DHAVE_SYS_STAT_H -DHAVE_SYS_TIME_H -DHAVE_SYS_TYPES_H -DHAVE_SYS_UIO_H -DHAVE_SYS_UN_H -DHAVE_SYS_XATTR_H -DHAVE_ALLOCA_H -DHAVE_ARPA_INET_H -DHAVE_ARPA_TFTP_H -DHAVE_ASSERT_H -DHAVE_ERRNO_H -DHAVE_FCNTL_H -DHAVE_IFADDRS_H -DHAVE_LIBGEN_H -DHAVE_LOCALE_H -DHAVE_NET_IF_H -DHAVE_NETDB_H -DHAVE_NETINET_IN_H -DHAVE_NETINET_TCP_H -DHAVE_POLL_H -DHAVE_PWD_H -DHAVE_SETJMP_H -DHAVE_SIGNAL_H -DHAVE_STDBOOL_H -DHAVE_STDINT_H -DHAVE_STDIO_H -DHAVE_STDLIB_H -DHAVE_STRING_H -DHAVE_STRINGS_H -DHAVE_TERMIO_H -DHAVE_TERMIOS_H -DHAVE_TIME_H -DHAVE_UNISTD_H -DHAVE_UTIME_H -DHAVE_STDDEF_H -DHAVE_DLFCN_H -DHAVE_MALLOC_H -DHAVE_MEMORY_H -DHAVE_NETINET_IF_ETHER_H -DHAVE_STDINT_H -DHAVE_SYS_UTSNAME_H -o CMakeFiles/cmTC_76c66.dir/CurlTests.c.o -c /mnt/d/repos/whisper.cpp/_deps/curl-src/CMake/CurlTests.c
/mnt/d/repos/whisper.cpp/_deps/curl-src/CMake/CurlTests.c: In function ‘main’:
/mnt/d/repos/whisper.cpp/_deps/curl-src/CMake/CurlTests.c:90:19: warning: initialization discards ‘const’ qualifier from pointer target type [-Wdiscarded-qualifiers]
   90 |   char *address = "example.com";
      |                   ^~~~~~~~~~~~~
/mnt/d/repos/whisper.cpp/_deps/curl-src/CMake/CurlTests.c:97:23: error: storage size of ‘hdata’ isn’t known
   97 |   struct hostent_data hdata;
      |                       ^~~~~
/mnt/d/repos/whisper.cpp/_deps/curl-src/CMake/CurlTests.c:109:8: error: too few arguments to function ‘gethostbyname_r’
  109 |   rc = gethostbyname_r(address, &h, &hdata);
      |        ^~~~~~~~~~~~~~~
In file included from /mnt/d/repos/whisper.cpp/_deps/curl-src/CMake/CurlTests.c:87:
/usr/include/netdb.h:177:12: note: declared here
  177 | extern int gethostbyname_r (const char *__restrict __name,
      |            ^~~~~~~~~~~~~~~
/mnt/d/repos/whisper.cpp/_deps/curl-src/CMake/CurlTests.c:97:23: warning: unused variable ‘hdata’ [-Wunused-variable]
   97 |   struct hostent_data hdata;
      |                       ^~~~~
gmake[1]: *** [CMakeFiles/cmTC_76c66.dir/build.make:78: CMakeFiles/cmTC_76c66.dir/CurlTests.c.o] Error 1
gmake[1]: Leaving directory '/mnt/d/repos/whisper.cpp/CMakeFiles/CMakeTmp'
gmake: *** [Makefile:127: cmTC_76c66/fast] Error 2


Performing Curl Test HAVE_GETHOSTBYNAME_R_5 failed with the following output:
Change Dir: '/mnt/d/repos/whisper.cpp/CMakeFiles/CMakeTmp'

Run Build Command(s): /home/anon/.tea/cmake.org/v3.27.3/bin/cmake -E env VERBOSE=1 /usr/bin/gmake -f Makefile cmTC_bb03a/fast
/usr/bin/gmake  -f CMakeFiles/cmTC_bb03a.dir/build.make CMakeFiles/cmTC_bb03a.dir/build
gmake[1]: Entering directory '/mnt/d/repos/whisper.cpp/CMakeFiles/CMakeTmp'
Building C object CMakeFiles/cmTC_bb03a.dir/CurlTests.c.o
/usr/bin/cc   -Wall                                       -Wextra                                     -Wpedantic                                  -Wshadow                                    -Wcast-qual                                 -Wstrict-prototypes                         -Wpointer-arith                             -Wno-unused-function                     -Werror=vla -pedantic -Wall -W -Wpointer-arith -Wwrite-strings -Wunused -Wshadow -Winline -Wnested-externs -Wmissing-declarations -Wmissing-prototypes -Wfloat-equal -Wsign-compare -Wundef -Wendif-labels -Wstrict-prototypes -Wdeclaration-after-statement -Wstrict-aliasing=3 -Wcast-align -Wtype-limits -Wold-style-declaration -Wmissing-parameter-type -Wempty-body -Wclobbered -Wignored-qualifiers -Wconversion -Wvla -Wdouble-promotion -Wno-long-long -Wno-multichar -Wno-format-nonliteral -Wno-sign-conversion -Wno-system-headers -DHAVE_GETHOSTBYNAME_R_5  -DHAVE_STDIO_H -DHAVE_INTTYPES_H -DHAVE_SYS_IOCTL_H -DHAVE_SYS_PARAM_H -DHAVE_SYS_POLL_H -DHAVE_SYS_RESOURCE_H -DHAVE_SYS_SELECT_H -DHAVE_SYS_SOCKET_H -DHAVE_SYS_STAT_H -DHAVE_SYS_TIME_H -DHAVE_SYS_TYPES_H -DHAVE_SYS_UIO_H -DHAVE_SYS_UN_H -DHAVE_SYS_XATTR_H -DHAVE_ALLOCA_H -DHAVE_ARPA_INET_H -DHAVE_ARPA_TFTP_H -DHAVE_ASSERT_H -DHAVE_ERRNO_H -DHAVE_FCNTL_H -DHAVE_IFADDRS_H -DHAVE_LIBGEN_H -DHAVE_LOCALE_H -DHAVE_NET_IF_H -DHAVE_NETDB_H -DHAVE_NETINET_IN_H -DHAVE_NETINET_TCP_H -DHAVE_POLL_H -DHAVE_PWD_H -DHAVE_SETJMP_H -DHAVE_SIGNAL_H -DHAVE_STDBOOL_H -DHAVE_STDINT_H -DHAVE_STDIO_H -DHAVE_STDLIB_H -DHAVE_STRING_H -DHAVE_STRINGS_H -DHAVE_TERMIO_H -DHAVE_TERMIOS_H -DHAVE_TIME_H -DHAVE_UNISTD_H -DHAVE_UTIME_H -DHAVE_STDDEF_H -DHAVE_DLFCN_H -DHAVE_MALLOC_H -DHAVE_MEMORY_H -DHAVE_NETINET_IF_ETHER_H -DHAVE_STDINT_H -DHAVE_SYS_UTSNAME_H -o CMakeFiles/cmTC_bb03a.dir/CurlTests.c.o -c /mnt/d/repos/whisper.cpp/_deps/curl-src/CMake/CurlTests.c
/mnt/d/repos/whisper.cpp/_deps/curl-src/CMake/CurlTests.c: In function ‘main’:
/mnt/d/repos/whisper.cpp/_deps/curl-src/CMake/CurlTests.c:90:19: warning: initialization discards ‘const’ qualifier from pointer target type [-Wdiscarded-qualifiers]
   90 |   char *address = "example.com";
      |                   ^~~~~~~~~~~~~
/mnt/d/repos/whisper.cpp/_deps/curl-src/CMake/CurlTests.c:112:51: warning: passing argument 5 of ‘gethostbyname_r’ from incompatible pointer type [-Wincompatible-pointer-types]
  112 |   rc = gethostbyname_r(address, &h, buffer, 8192, &h_errnop);
      |                                                   ^~~~~~~~~
      |                                                   |
      |                                                   int *
In file included from /mnt/d/repos/whisper.cpp/_deps/curl-src/CMake/CurlTests.c:87:
/usr/include/netdb.h:180:57: note: expected ‘struct hostent ** restrict’ but argument is of type ‘int *’
  180 |                             struct hostent **__restrict __result,
      |                             ~~~~~~~~~~~~~~~~~~~~~~~~~~~~^~~~~~~~
/mnt/d/repos/whisper.cpp/_deps/curl-src/CMake/CurlTests.c:112:8: error: too few arguments to function ‘gethostbyname_r’
  112 |   rc = gethostbyname_r(address, &h, buffer, 8192, &h_errnop);
      |        ^~~~~~~~~~~~~~~
In file included from /mnt/d/repos/whisper.cpp/_deps/curl-src/CMake/CurlTests.c:87:
/usr/include/netdb.h:177:12: note: declared here
  177 | extern int gethostbyname_r (const char *__restrict __name,
      |            ^~~~~~~~~~~~~~~
gmake[1]: *** [CMakeFiles/cmTC_bb03a.dir/build.make:78: CMakeFiles/cmTC_bb03a.dir/CurlTests.c.o] Error 1
gmake[1]: Leaving directory '/mnt/d/repos/whisper.cpp/CMakeFiles/CMakeTmp'
gmake: *** [Makefile:127: cmTC_bb03a/fast] Error 2


Performing Curl Test HAVE_GETHOSTBYNAME_R_3_REENTRANT failed with the following output:
Change Dir: '/mnt/d/repos/whisper.cpp/CMakeFiles/CMakeTmp'

Run Build Command(s): /home/anon/.tea/cmake.org/v3.27.3/bin/cmake -E env VERBOSE=1 /usr/bin/gmake -f Makefile cmTC_2dd9f/fast
/usr/bin/gmake  -f CMakeFiles/cmTC_2dd9f.dir/build.make CMakeFiles/cmTC_2dd9f.dir/build
gmake[1]: Entering directory '/mnt/d/repos/whisper.cpp/CMakeFiles/CMakeTmp'
Building C object CMakeFiles/cmTC_2dd9f.dir/CurlTests.c.o
/usr/bin/cc   -Wall                                       -Wextra                                     -Wpedantic                                  -Wshadow                                    -Wcast-qual                                 -Wstrict-prototypes                         -Wpointer-arith                             -Wno-unused-function                     -Werror=vla -pedantic -Wall -W -Wpointer-arith -Wwrite-strings -Wunused -Wshadow -Winline -Wnested-externs -Wmissing-declarations -Wmissing-prototypes -Wfloat-equal -Wsign-compare -Wundef -Wendif-labels -Wstrict-prototypes -Wdeclaration-after-statement -Wstrict-aliasing=3 -Wcast-align -Wtype-limits -Wold-style-declaration -Wmissing-parameter-type -Wempty-body -Wclobbered -Wignored-qualifiers -Wconversion -Wvla -Wdouble-promotion -Wno-long-long -Wno-multichar -Wno-format-nonliteral -Wno-sign-conversion -Wno-system-headers -DHAVE_GETHOSTBYNAME_R_3_REENTRANT  -DHAVE_STDIO_H -DHAVE_INTTYPES_H -DHAVE_SYS_IOCTL_H -DHAVE_SYS_PARAM_H -DHAVE_SYS_POLL_H -DHAVE_SYS_RESOURCE_H -DHAVE_SYS_SELECT_H -DHAVE_SYS_SOCKET_H -DHAVE_SYS_STAT_H -DHAVE_SYS_TIME_H -DHAVE_SYS_TYPES_H -DHAVE_SYS_UIO_H -DHAVE_SYS_UN_H -DHAVE_SYS_XATTR_H -DHAVE_ALLOCA_H -DHAVE_ARPA_INET_H -DHAVE_ARPA_TFTP_H -DHAVE_ASSERT_H -DHAVE_ERRNO_H -DHAVE_FCNTL_H -DHAVE_IFADDRS_H -DHAVE_LIBGEN_H -DHAVE_LOCALE_H -DHAVE_NET_IF_H -DHAVE_NETDB_H -DHAVE_NETINET_IN_H -DHAVE_NETINET_TCP_H -DHAVE_POLL_H -DHAVE_PWD_H -DHAVE_SETJMP_H -DHAVE_SIGNAL_H -DHAVE_STDBOOL_H -DHAVE_STDINT_H -DHAVE_STDIO_H -DHAVE_STDLIB_H -DHAVE_STRING_H -DHAVE_STRINGS_H -DHAVE_TERMIO_H -DHAVE_TERMIOS_H -DHAVE_TIME_H -DHAVE_UNISTD_H -DHAVE_UTIME_H -DHAVE_STDDEF_H -DHAVE_DLFCN_H -DHAVE_MALLOC_H -DHAVE_MEMORY_H -DHAVE_NETINET_IF_ETHER_H -DHAVE_STDINT_H -DHAVE_SYS_UTSNAME_H -o CMakeFiles/cmTC_2dd9f.dir/CurlTests.c.o -c /mnt/d/repos/whisper.cpp/_deps/curl-src/CMake/CurlTests.c
/mnt/d/repos/whisper.cpp/_deps/curl-src/CMake/CurlTests.c: In function ‘main’:
/mnt/d/repos/whisper.cpp/_deps/curl-src/CMake/CurlTests.c:90:19: warning: initialization discards ‘const’ qualifier from pointer target type [-Wdiscarded-qualifiers]
   90 |   char *address = "example.com";
      |                   ^~~~~~~~~~~~~
/mnt/d/repos/whisper.cpp/_deps/curl-src/CMake/CurlTests.c:97:23: error: storage size of ‘hdata’ isn’t known
   97 |   struct hostent_data hdata;
      |                       ^~~~~
/mnt/d/repos/whisper.cpp/_deps/curl-src/CMake/CurlTests.c:109:8: error: too few arguments to function ‘gethostbyname_r’
  109 |   rc = gethostbyname_r(address, &h, &hdata);
      |        ^~~~~~~~~~~~~~~
In file included from /mnt/d/repos/whisper.cpp/_deps/curl-src/CMake/CurlTests.c:87:
/usr/include/netdb.h:177:12: note: declared here
  177 | extern int gethostbyname_r (const char *__restrict __name,
      |            ^~~~~~~~~~~~~~~
/mnt/d/repos/whisper.cpp/_deps/curl-src/CMake/CurlTests.c:97:23: warning: unused variable ‘hdata’ [-Wunused-variable]
   97 |   struct hostent_data hdata;
      |                       ^~~~~
gmake[1]: *** [CMakeFiles/cmTC_2dd9f.dir/build.make:78: CMakeFiles/cmTC_2dd9f.dir/CurlTests.c.o] Error 1
gmake[1]: Leaving directory '/mnt/d/repos/whisper.cpp/CMakeFiles/CMakeTmp'
gmake: *** [Makefile:127: cmTC_2dd9f/fast] Error 2


Performing Curl Test HAVE_GETHOSTBYNAME_R_5_REENTRANT failed with the following output:
Change Dir: '/mnt/d/repos/whisper.cpp/CMakeFiles/CMakeTmp'

Run Build Command(s): /home/anon/.tea/cmake.org/v3.27.3/bin/cmake -E env VERBOSE=1 /usr/bin/gmake -f Makefile cmTC_69f6c/fast
/usr/bin/gmake  -f CMakeFiles/cmTC_69f6c.dir/build.make CMakeFiles/cmTC_69f6c.dir/build
gmake[1]: Entering directory '/mnt/d/repos/whisper.cpp/CMakeFiles/CMakeTmp'
Building C object CMakeFiles/cmTC_69f6c.dir/CurlTests.c.o
/usr/bin/cc   -Wall                                       -Wextra                                     -Wpedantic                                  -Wshadow                                    -Wcast-qual                                 -Wstrict-prototypes                         -Wpointer-arith                             -Wno-unused-function                     -Werror=vla -pedantic -Wall -W -Wpointer-arith -Wwrite-strings -Wunused -Wshadow -Winline -Wnested-externs -Wmissing-declarations -Wmissing-prototypes -Wfloat-equal -Wsign-compare -Wundef -Wendif-labels -Wstrict-prototypes -Wdeclaration-after-statement -Wstrict-aliasing=3 -Wcast-align -Wtype-limits -Wold-style-declaration -Wmissing-parameter-type -Wempty-body -Wclobbered -Wignored-qualifiers -Wconversion -Wvla -Wdouble-promotion -Wno-long-long -Wno-multichar -Wno-format-nonliteral -Wno-sign-conversion -Wno-system-headers -DHAVE_GETHOSTBYNAME_R_5_REENTRANT  -DHAVE_STDIO_H -DHAVE_INTTYPES_H -DHAVE_SYS_IOCTL_H -DHAVE_SYS_PARAM_H -DHAVE_SYS_POLL_H -DHAVE_SYS_RESOURCE_H -DHAVE_SYS_SELECT_H -DHAVE_SYS_SOCKET_H -DHAVE_SYS_STAT_H -DHAVE_SYS_TIME_H -DHAVE_SYS_TYPES_H -DHAVE_SYS_UIO_H -DHAVE_SYS_UN_H -DHAVE_SYS_XATTR_H -DHAVE_ALLOCA_H -DHAVE_ARPA_INET_H -DHAVE_ARPA_TFTP_H -DHAVE_ASSERT_H -DHAVE_ERRNO_H -DHAVE_FCNTL_H -DHAVE_IFADDRS_H -DHAVE_LIBGEN_H -DHAVE_LOCALE_H -DHAVE_NET_IF_H -DHAVE_NETDB_H -DHAVE_NETINET_IN_H -DHAVE_NETINET_TCP_H -DHAVE_POLL_H -DHAVE_PWD_H -DHAVE_SETJMP_H -DHAVE_SIGNAL_H -DHAVE_STDBOOL_H -DHAVE_STDINT_H -DHAVE_STDIO_H -DHAVE_STDLIB_H -DHAVE_STRING_H -DHAVE_STRINGS_H -DHAVE_TERMIO_H -DHAVE_TERMIOS_H -DHAVE_TIME_H -DHAVE_UNISTD_H -DHAVE_UTIME_H -DHAVE_STDDEF_H -DHAVE_DLFCN_H -DHAVE_MALLOC_H -DHAVE_MEMORY_H -DHAVE_NETINET_IF_ETHER_H -DHAVE_STDINT_H -DHAVE_SYS_UTSNAME_H -o CMakeFiles/cmTC_69f6c.dir/CurlTests.c.o -c /mnt/d/repos/whisper.cpp/_deps/curl-src/CMake/CurlTests.c
/mnt/d/repos/whisper.cpp/_deps/curl-src/CMake/CurlTests.c: In function ‘main’:
/mnt/d/repos/whisper.cpp/_deps/curl-src/CMake/CurlTests.c:90:19: warning: initialization discards ‘const’ qualifier from pointer target type [-Wdiscarded-qualifiers]
   90 |   char *address = "example.com";
      |                   ^~~~~~~~~~~~~
/mnt/d/repos/whisper.cpp/_deps/curl-src/CMake/CurlTests.c:112:51: warning: passing argument 5 of ‘gethostbyname_r’ from incompatible pointer type [-Wincompatible-pointer-types]
  112 |   rc = gethostbyname_r(address, &h, buffer, 8192, &h_errnop);
      |                                                   ^~~~~~~~~
      |                                                   |
      |                                                   int *
In file included from /mnt/d/repos/whisper.cpp/_deps/curl-src/CMake/CurlTests.c:87:
/usr/include/netdb.h:180:57: note: expected ‘struct hostent ** restrict’ but argument is of type ‘int *’
  180 |                             struct hostent **__restrict __result,
      |                             ~~~~~~~~~~~~~~~~~~~~~~~~~~~~^~~~~~~~
/mnt/d/repos/whisper.cpp/_deps/curl-src/CMake/CurlTests.c:112:8: error: too few arguments to function ‘gethostbyname_r’
  112 |   rc = gethostbyname_r(address, &h, buffer, 8192, &h_errnop);
      |        ^~~~~~~~~~~~~~~
In file included from /mnt/d/repos/whisper.cpp/_deps/curl-src/CMake/CurlTests.c:87:
/usr/include/netdb.h:177:12: note: declared here
  177 | extern int gethostbyname_r (const char *__restrict __name,
      |            ^~~~~~~~~~~~~~~
gmake[1]: *** [CMakeFiles/cmTC_69f6c.dir/build.make:78: CMakeFiles/cmTC_69f6c.dir/CurlTests.c.o] Error 1
gmake[1]: Leaving directory '/mnt/d/repos/whisper.cpp/CMakeFiles/CMakeTmp'
gmake: *** [Makefile:127: cmTC_69f6c/fast] Error 2


Performing Curl Test HAVE_GLIBC_STRERROR_R failed with the following output:
Change Dir: '/mnt/d/repos/whisper.cpp/CMakeFiles/CMakeTmp'

Run Build Command(s): /home/anon/.tea/cmake.org/v3.27.3/bin/cmake -E env VERBOSE=1 /usr/bin/gmake -f Makefile cmTC_bdaa0/fast
/usr/bin/gmake  -f CMakeFiles/cmTC_bdaa0.dir/build.make CMakeFiles/cmTC_bdaa0.dir/build
gmake[1]: Entering directory '/mnt/d/repos/whisper.cpp/CMakeFiles/CMakeTmp'
Building C object CMakeFiles/cmTC_bdaa0.dir/CurlTests.c.o
/usr/bin/cc   -Wall                                       -Wextra                                     -Wpedantic                                  -Wshadow                                    -Wcast-qual                                 -Wstrict-prototypes                         -Wpointer-arith                             -Wno-unused-function                     -Werror=vla -pedantic -Wall -W -Wpointer-arith -Wwrite-strings -Wunused -Wshadow -Winline -Wnested-externs -Wmissing-declarations -Wmissing-prototypes -Wfloat-equal -Wsign-compare -Wundef -Wendif-labels -Wstrict-prototypes -Wdeclaration-after-statement -Wstrict-aliasing=3 -Wcast-align -Wtype-limits -Wold-style-declaration -Wmissing-parameter-type -Wempty-body -Wclobbered -Wignored-qualifiers -Wconversion -Wvla -Wdouble-promotion -Wno-long-long -Wno-multichar -Wno-format-nonliteral -Wno-sign-conversion -Wno-system-headers -DHAVE_GLIBC_STRERROR_R  -DHAVE_STDIO_H -DHAVE_INTTYPES_H -DHAVE_SYS_IOCTL_H -DHAVE_SYS_PARAM_H -DHAVE_SYS_POLL_H -DHAVE_SYS_RESOURCE_H -DHAVE_SYS_SELECT_H -DHAVE_SYS_SOCKET_H -DHAVE_SYS_STAT_H -DHAVE_SYS_TIME_H -DHAVE_SYS_TYPES_H -DHAVE_SYS_UIO_H -DHAVE_SYS_UN_H -DHAVE_SYS_XATTR_H -DHAVE_ALLOCA_H -DHAVE_ARPA_INET_H -DHAVE_ARPA_TFTP_H -DHAVE_ASSERT_H -DHAVE_ERRNO_H -DHAVE_FCNTL_H -DHAVE_IFADDRS_H -DHAVE_LIBGEN_H -DHAVE_LOCALE_H -DHAVE_NET_IF_H -DHAVE_NETDB_H -DHAVE_NETINET_IN_H -DHAVE_NETINET_TCP_H -DHAVE_POLL_H -DHAVE_PWD_H -DHAVE_SETJMP_H -DHAVE_SIGNAL_H -DHAVE_STDBOOL_H -DHAVE_STDINT_H -DHAVE_STDIO_H -DHAVE_STDLIB_H -DHAVE_STRING_H -DHAVE_STRINGS_H -DHAVE_TERMIO_H -DHAVE_TERMIOS_H -DHAVE_TIME_H -DHAVE_UNISTD_H -DHAVE_UTIME_H -DHAVE_STDDEF_H -DHAVE_DLFCN_H -DHAVE_MALLOC_H -DHAVE_MEMORY_H -DHAVE_NETINET_IF_ETHER_H -DHAVE_STDINT_H -DHAVE_SYS_UTSNAME_H -o CMakeFiles/cmTC_bdaa0.dir/CurlTests.c.o -c /mnt/d/repos/whisper.cpp/_deps/curl-src/CMake/CurlTests.c
/mnt/d/repos/whisper.cpp/_deps/curl-src/CMake/CurlTests.c:414:6: warning: no previous prototype for ‘check’ [-Wmissing-prototypes]
  414 | void check(char c) {}
      |      ^~~~~
/mnt/d/repos/whisper.cpp/_deps/curl-src/CMake/CurlTests.c: In function ‘check’:
/mnt/d/repos/whisper.cpp/_deps/curl-src/CMake/CurlTests.c:414:17: warning: unused parameter ‘c’ [-Wunused-parameter]
  414 | void check(char c) {}
      |            ~~~~~^
/mnt/d/repos/whisper.cpp/_deps/curl-src/CMake/CurlTests.c: At top level:
/mnt/d/repos/whisper.cpp/_deps/curl-src/CMake/CurlTests.c:417:1: warning: function declaration isn’t a prototype [-Wstrict-prototypes]
  417 | main () {
      | ^~~~
/mnt/d/repos/whisper.cpp/_deps/curl-src/CMake/CurlTests.c: In function ‘main’:
/mnt/d/repos/whisper.cpp/_deps/curl-src/CMake/CurlTests.c:420:51: error: subscripted value is neither array nor pointer nor vector
  420 |   check(strerror_r(EACCES, buffer, sizeof(buffer))[0]);
      |                                                   ^
gmake[1]: *** [CMakeFiles/cmTC_bdaa0.dir/build.make:78: CMakeFiles/cmTC_bdaa0.dir/CurlTests.c.o] Error 1
gmake[1]: Leaving directory '/mnt/d/repos/whisper.cpp/CMakeFiles/CMakeTmp'
gmake: *** [Makefile:127: cmTC_bdaa0/fast] Error 2


Performing Curl Test HAVE_BUILTIN_AVAILABLE failed with the following output:
Change Dir: '/mnt/d/repos/whisper.cpp/CMakeFiles/CMakeTmp'

Run Build Command(s): /home/anon/.tea/cmake.org/v3.27.3/bin/cmake -E env VERBOSE=1 /usr/bin/gmake -f Makefile cmTC_c5ec8/fast
/usr/bin/gmake  -f CMakeFiles/cmTC_c5ec8.dir/build.make CMakeFiles/cmTC_c5ec8.dir/build
gmake[1]: Entering directory '/mnt/d/repos/whisper.cpp/CMakeFiles/CMakeTmp'
Building C object CMakeFiles/cmTC_c5ec8.dir/CurlTests.c.o
/usr/bin/cc   -Wall                                       -Wextra                                     -Wpedantic                                  -Wshadow                                    -Wcast-qual                                 -Wstrict-prototypes                         -Wpointer-arith                             -Wno-unused-function                     -Werror=vla -pedantic -Wall -W -Wpointer-arith -Wwrite-strings -Wunused -Wshadow -Winline -Wnested-externs -Wmissing-declarations -Wmissing-prototypes -Wfloat-equal -Wsign-compare -Wundef -Wendif-labels -Wstrict-prototypes -Wdeclaration-after-statement -Wstrict-aliasing=3 -Wcast-align -Wtype-limits -Wold-style-declaration -Wmissing-parameter-type -Wempty-body -Wclobbered -Wignored-qualifiers -Wconversion -Wvla -Wdouble-promotion -Wno-long-long -Wno-multichar -Wno-format-nonliteral -Wno-sign-conversion -Wno-system-headers -DHAVE_BUILTIN_AVAILABLE  -DHAVE_STDIO_H -DHAVE_INTTYPES_H -DHAVE_SYS_IOCTL_H -DHAVE_SYS_PARAM_H -DHAVE_SYS_POLL_H -DHAVE_SYS_RESOURCE_H -DHAVE_SYS_SELECT_H -DHAVE_SYS_SOCKET_H -DHAVE_SYS_STAT_H -DHAVE_SYS_TIME_H -DHAVE_SYS_TYPES_H -DHAVE_SYS_UIO_H -DHAVE_SYS_UN_H -DHAVE_SYS_XATTR_H -DHAVE_ALLOCA_H -DHAVE_ARPA_INET_H -DHAVE_ARPA_TFTP_H -DHAVE_ASSERT_H -DHAVE_ERRNO_H -DHAVE_FCNTL_H -DHAVE_IFADDRS_H -DHAVE_LIBGEN_H -DHAVE_LOCALE_H -DHAVE_NET_IF_H -DHAVE_NETDB_H -DHAVE_NETINET_IN_H -DHAVE_NETINET_TCP_H -DHAVE_POLL_H -DHAVE_PWD_H -DHAVE_SETJMP_H -DHAVE_SIGNAL_H -DHAVE_STDBOOL_H -DHAVE_STDINT_H -DHAVE_STDIO_H -DHAVE_STDLIB_H -DHAVE_STRING_H -DHAVE_STRINGS_H -DHAVE_TERMIO_H -DHAVE_TERMIOS_H -DHAVE_TIME_H -DHAVE_UNISTD_H -DHAVE_UTIME_H -DHAVE_STDDEF_H -DHAVE_DLFCN_H -DHAVE_MALLOC_H -DHAVE_MEMORY_H -DHAVE_NETINET_IF_ETHER_H -DHAVE_STDINT_H -DHAVE_SYS_UTSNAME_H -o CMakeFiles/cmTC_c5ec8.dir/CurlTests.c.o -c /mnt/d/repos/whisper.cpp/_deps/curl-src/CMake/CurlTests.c
/mnt/d/repos/whisper.cpp/_deps/curl-src/CMake/CurlTests.c:466:1: warning: function declaration isn’t a prototype [-Wstrict-prototypes]
  466 | main() {
      | ^~~~
/mnt/d/repos/whisper.cpp/_deps/curl-src/CMake/CurlTests.c: In function ‘main’:
/mnt/d/repos/whisper.cpp/_deps/curl-src/CMake/CurlTests.c:467:6: warning: implicit declaration of function ‘__builtin_available’; did you mean ‘__builtin_scalbl’? [-Wimplicit-function-declaration]
  467 |   if(__builtin_available(macOS 10.12, *)) {}
      |      ^~~~~~~~~~~~~~~~~~~
      |      __builtin_scalbl
/mnt/d/repos/whisper.cpp/_deps/curl-src/CMake/CurlTests.c:467:6: warning: nested extern declaration of ‘__builtin_available’ [-Wnested-externs]
/mnt/d/repos/whisper.cpp/_deps/curl-src/CMake/CurlTests.c:467:26: error: ‘macOS’ undeclared (first use in this function)
  467 |   if(__builtin_available(macOS 10.12, *)) {}
      |                          ^~~~~
/mnt/d/repos/whisper.cpp/_deps/curl-src/CMake/CurlTests.c:467:26: note: each undeclared identifier is reported only once for each function it appears in
/mnt/d/repos/whisper.cpp/_deps/curl-src/CMake/CurlTests.c:467:31: error: expected ‘)’ before numeric constant
  467 |   if(__builtin_available(macOS 10.12, *)) {}
      |                         ~     ^~~~~~
      |                               )
gmake[1]: *** [CMakeFiles/cmTC_c5ec8.dir/build.make:78: CMakeFiles/cmTC_c5ec8.dir/CurlTests.c.o] Error 1
gmake[1]: Leaving directory '/mnt/d/repos/whisper.cpp/CMakeFiles/CMakeTmp'
gmake: *** [Makefile:127: cmTC_c5ec8/fast] Error 2


